<?xml version="1.0" encoding="UTF-8"?>
<!-- Generated by org.testng.reporters.JUnitReportReporter -->
<testsuite skipped="0" hostname="OPB--5CG8336FTJ" name="tests.APIRequestScript" tests="1" failures="0" timestamp="2020-04-07T12:33:49 IST" time="6.523" errors="0">
  <testcase name="getAllProducts" time="6.523" classname="tests.APIRequestScript"/>
</testsuite> <!-- tests.APIRequestScript -->
